<!-- Root element for an individual test case, allows these to be wrapped into
XML lists -->
<testCase testable="TRUE">
  <!-- Unique ID for the test case -->
  <id specification="E-ARK CSIP" version="2.0-DRAFT" section="dmdSec" requirementId="CSIP17" />
  <!-- URL references to requirements for convenient lookup -->
  <references>
    <reference requirementId="http://earkcsip.dilcis.eu/#CSIP17"/>
  </references>
  <!-- Textual description of the test case, may just be a repeat of the
  requirment text. -->
  <description>Must be used if descriptive metadata for the package content is available. Each descriptive metadata section (dmdSec) contains one description and thus is repeated when more descriptions are available.
    It is possible to transfer metadata in a package using just the descriptive metadata sectiond/or adminstrative metadata section.</description>
  <!-- List of requirments that this test case depends on in addition to the
  main requirememt, e.g. general requirments on the form of IDs -->
  <dependencies>
    <!-- Individual test case dependencies listed by ID -->
    <dependency requirement="CSIPSTR16" />
  </dependencies>
  <!-- A list of the validation rules derived from the test case -->
  <rules>
    <!-- Individual validation rule entry, identified by a running number
    that's unique within the test case only -->
    <rule id="CSIP17_rule_1">
      <!-- Text description of the validation rule -->
      <description>This validation sends a WARNING if no dmdSec is present as most IPs are expected to have one.</description>
      <!-- Details of the validation error generated by the message, can be
      one of: [ ERROR | WARNING | INFO ]-->
      <error level="WARNING">
        <!-- Expected error message when the rule is violated. -->
        <message>WARNING there is no dmdSec in this IP.</message>
      </error>
      <corpusPackages>
        <!-- Details of corpus packages designed to test this validation rule. -->
  	    <package name="descriptive_package_name" isValid="TRUE if package is a valid, FALSE if an invalid package.">
  	      <path><!-- The relative path to the test corpus package root folder --></path>
  		    <description><!-- Full description of corpus package features. --></description>
        </package>
  	  </corpusPackages>
    </rule>
  </rules>
</testCase>
